<?xml version="1.0" encoding="UTF-8"?>
<Site BuildName="Linux-g++"
	BuildStamp="20231202-1247-Experimental"
	Name="Ubuntu"
	Generator="ctest-3.28.0-rc6"
	CompilerName="/usr/bin/g++"
	CompilerVersion="11.4.0"
	OSName="Linux"
	Hostname="Ubuntu"
	OSRelease="6.2.0-37-generic"
	OSVersion="#38~22.04.1-Ubuntu SMP PREEMPT_DYNAMIC Thu Nov  2 18:01:13 UTC 2"
	OSPlatform="x86_64"
	Is64Bits="1"
	VendorString="GenuineIntel"
	VendorID="Intel Corporation"
	FamilyID="6"
	ModelID="154"
	ProcessorCacheSize="18432"
	NumberOfLogicalCPU="12"
	NumberOfPhysicalCPU="12"
	TotalVirtualMemory="2679"
	TotalPhysicalMemory="3905"
	LogicalProcessorsPerPhysical="1"
	ProcessorClockFrequency="3110.4"
	>
	<Testing>
		<StartDateTime>Dec 02 23:18 +05</StartDateTime>
		<StartTestTime>1701541090</StartTestTime>
		<TestList/>
		<EndDateTime>Dec 02 23:18 +05</EndDateTime>
		<EndTestTime>1701541090</EndTestTime>
		<ElapsedMinutes>0</ElapsedMinutes>
	</Testing>
</Site>
